<?xml version="1.0" encoding="UTF-8" ?>
<testsuites>
  <testsuite errors="1" failures="0" hostname="ilias-PC" id="0" name="Filter" package="org.junit.runner.manipulation" tests="1" time="0.131" timestamp="2016-02-17T09:12:23">
      <properties />

      <testcase classname="org.junit.runner.manipulation.Filter" name="initializationError" time="0.121">
          <error message="No tests found matching grails test target pattern filter from org.junit.runner.Request$1@5c55b8" type="java.lang.Exception">java.lang.Exception: No tests found matching grails test target pattern filter from org.junit.runner.Request$1@5c55b8
</error>

      </testcase>

      <system-out><![CDATA[--Output from initializationError--
]]></system-out>

      <system-err><![CDATA[--Output from initializationError--
]]></system-err>

  </testsuite>
</testsuites>
